FitnessBooking/app/build/intermediates/manifest_merge_blame_file/debug/manifest-merger-blame-debug-report.txt
1<?xml version="1.0" encoding="utf-8"?>
2<manifest xmlns:android="http://schemas.android.com/apk/res/android"
3    package="com.example.fitnessbooking"
4    android:versionCode="1"
5    android:versionName="1.0" >
6
7    <uses-sdk
8        android:minSdkVersion="23"
8-->src/main/AndroidManifest.xml
9        android:targetSdkVersion="31" />
9-->src/main/AndroidManifest.xml
10
11    <application
11-->src/main/AndroidManifest.xml:6:5-21:19
12        android:allowBackup="true"
12-->src/main/AndroidManifest.xml:7:13-39
13        android:appComponentFactory="androidx.core.app.CoreComponentFactory"
13-->[androidx.core:core:1.5.0] AndroidManifest.xml:24:18-86
14        android:debuggable="true"
15        android:extractNativeLibs="false"
16        android:icon="@mipmap/ic_launcher"
16-->src/main/AndroidManifest.xml:8:13-47
17        android:label="@string/app_name"
17-->src/main/AndroidManifest.xml:9:13-45
18        android:roundIcon="@mipmap/ic_launcher_round"
18-->src/main/AndroidManifest.xml:10:13-58
19        android:supportsRtl="true"
19-->src/main/AndroidManifest.xml:11:13-39
20        android:testOnly="true"
21        android:theme="@style/Theme.FitnessBooking" >
21-->src/main/AndroidManifest.xml:12:13-56
22        <activity
22-->src/main/AndroidManifest.xml:13:9-20:20
23            android:name="com.example.fitnessbooking.MainActivity"
23-->src/main/AndroidManifest.xml:13:19-47
24            android:exported="true" >
24-->src/main/AndroidManifest.xml:14:13-36
25            <intent-filter>
25-->src/main/AndroidManifest.xml:15:13-19:29
26                <action android:name="android.intent.action.MAIN" />
26-->src/main/AndroidManifest.xml:16:17-68
26-->src/main/AndroidManifest.xml:16:25-66
27
28                <category android:name="android.intent.category.LAUNCHER" />
28-->src/main/AndroidManifest.xml:18:17-76
28-->src/main/AndroidManifest.xml:18:27-74
29            </intent-filter>
30        </activity>
31    </application>
32
33</manifest>